<?xml version="1.0" encoding="UTF-8"?>
<testsuite xmlns:xsi="http://www.w3.org/2001/XMLSchema-instance" xsi:noNamespaceSchemaLocation="https://maven.apache.org/surefire/maven-surefire-plugin/xsd/surefire-test-report-3.0.xsd" version="3.0" name="org.barrientos.junit5app.ejemplos.models.CuentaTest$VariableAmbienteTest" time="0.033" tests="5" errors="0" skipped="2" failures="0">
  <properties>
    <property name="java.specification.version" value="17"/>
    <property name="sun.cpu.isalist" value="amd64"/>
    <property name="sun.jnu.encoding" value="Cp1252"/>
    <property name="java.class.path" value="D:\ArchivosDeProgramas\INFORMATICA\Java\IdeaProjects\junit5_app\target\test-classes;D:\ArchivosDeProgramas\INFORMATICA\Java\IdeaProjects\junit5_app\target\classes;C:\Users\Ismael\.m2\repository\org\junit\jupiter\junit-jupiter\5.9.0\junit-jupiter-5.9.0.jar;C:\Users\Ismael\.m2\repository\org\junit\jupiter\junit-jupiter-api\5.9.0\junit-jupiter-api-5.9.0.jar;C:\Users\Ismael\.m2\repository\org\opentest4j\opentest4j\1.2.0\opentest4j-1.2.0.jar;C:\Users\Ismael\.m2\repository\org\junit\platform\junit-platform-commons\1.9.0\junit-platform-commons-1.9.0.jar;C:\Users\Ismael\.m2\repository\org\apiguardian\apiguardian-api\1.1.2\apiguardian-api-1.1.2.jar;C:\Users\Ismael\.m2\repository\org\junit\jupiter\junit-jupiter-params\5.9.0\junit-jupiter-params-5.9.0.jar;C:\Users\Ismael\.m2\repository\org\junit\jupiter\junit-jupiter-engine\5.9.0\junit-jupiter-engine-5.9.0.jar;C:\Users\Ismael\.m2\repository\org\junit\platform\junit-platform-engine\1.9.0\junit-platform-engine-1.9.0.jar;"/>
    <property name="java.vm.vendor" value="Oracle Corporation"/>
    <property name="sun.arch.data.model" value="64"/>
    <property name="user.variant" value=""/>
    <property name="java.vendor.url" value="https://java.oracle.com/"/>
    <property name="user.timezone" value="America/Buenos_Aires"/>
    <property name="os.name" value="Windows 10"/>
    <property name="java.vm.specification.version" value="17"/>
    <property name="sun.java.launcher" value="SUN_STANDARD"/>
    <property name="user.country" value="AR"/>
    <property name="sun.boot.library.path" value="C:\Users\Ismael\.jdks\openjdk-17.0.1\bin"/>
    <property name="sun.java.command" value="C:\Users\Ismael\AppData\Local\Temp\surefire7331167732903388178\surefirebooter-20220915122242794_3.jar C:\Users\Ismael\AppData\Local\Temp\surefire7331167732903388178 2022-09-15T12-22-27_961-jvmRun1 surefire-20220915122242794_1tmp surefire_0-20220915122242794_2tmp"/>
    <property name="jdk.debug" value="release"/>
    <property name="surefire.test.class.path" value="D:\ArchivosDeProgramas\INFORMATICA\Java\IdeaProjects\junit5_app\target\test-classes;D:\ArchivosDeProgramas\INFORMATICA\Java\IdeaProjects\junit5_app\target\classes;C:\Users\Ismael\.m2\repository\org\junit\jupiter\junit-jupiter\5.9.0\junit-jupiter-5.9.0.jar;C:\Users\Ismael\.m2\repository\org\junit\jupiter\junit-jupiter-api\5.9.0\junit-jupiter-api-5.9.0.jar;C:\Users\Ismael\.m2\repository\org\opentest4j\opentest4j\1.2.0\opentest4j-1.2.0.jar;C:\Users\Ismael\.m2\repository\org\junit\platform\junit-platform-commons\1.9.0\junit-platform-commons-1.9.0.jar;C:\Users\Ismael\.m2\repository\org\apiguardian\apiguardian-api\1.1.2\apiguardian-api-1.1.2.jar;C:\Users\Ismael\.m2\repository\org\junit\jupiter\junit-jupiter-params\5.9.0\junit-jupiter-params-5.9.0.jar;C:\Users\Ismael\.m2\repository\org\junit\jupiter\junit-jupiter-engine\5.9.0\junit-jupiter-engine-5.9.0.jar;C:\Users\Ismael\.m2\repository\org\junit\platform\junit-platform-engine\1.9.0\junit-platform-engine-1.9.0.jar;"/>
    <property name="sun.cpu.endian" value="little"/>
    <property name="user.home" value="C:\Users\Ismael"/>
    <property name="user.language" value="es"/>
    <property name="java.specification.vendor" value="Oracle Corporation"/>
    <property name="java.version.date" value="2021-10-19"/>
    <property name="java.home" value="C:\Users\Ismael\.jdks\openjdk-17.0.1"/>
    <property name="file.separator" value="\"/>
    <property name="basedir" value="D:\ArchivosDeProgramas\INFORMATICA\Java\IdeaProjects\junit5_app"/>
    <property name="java.vm.compressedOopsMode" value="32-bit"/>
    <property name="line.separator" value="&#10;"/>
    <property name="java.vm.specification.vendor" value="Oracle Corporation"/>
    <property name="java.specification.name" value="Java Platform API Specification"/>
    <property name="surefire.real.class.path" value="C:\Users\Ismael\AppData\Local\Temp\surefire7331167732903388178\surefirebooter-20220915122242794_3.jar"/>
    <property name="user.script" value=""/>
    <property name="sun.management.compiler" value="HotSpot 64-Bit Tiered Compilers"/>
    <property name="java.runtime.version" value="17.0.1+12-39"/>
    <property name="user.name" value="Ismael"/>
    <property name="path.separator" value=";"/>
    <property name="os.version" value="10.0"/>
    <property name="java.runtime.name" value="OpenJDK Runtime Environment"/>
    <property name="file.encoding" value="Cp1252"/>
    <property name="java.vm.name" value="OpenJDK 64-Bit Server VM"/>
    <property name="localRepository" value="C:\Users\Ismael\.m2\repository"/>
    <property name="java.vendor.url.bug" value="https://bugreport.java.com/bugreport/"/>
    <property name="java.io.tmpdir" value="C:\Users\Ismael\AppData\Local\Temp\"/>
    <property name="idea.version" value="2021.2.2"/>
    <property name="java.version" value="17.0.1"/>
    <property name="user.dir" value="D:\ArchivosDeProgramas\INFORMATICA\Java\IdeaProjects\junit5_app"/>
    <property name="os.arch" value="amd64"/>
    <property name="java.vm.specification.name" value="Java Virtual Machine Specification"/>
    <property name="sun.os.patch.level" value=""/>
    <property name="native.encoding" value="Cp1252"/>
    <property name="java.library.path" value="C:\Users\Ismael\.jdks\openjdk-17.0.1\bin;C:\Windows\Sun\Java\bin;C:\Windows\system32;C:\Windows;D:\ArchivosDeProgramas\Programas\Python310\Scripts\;D:\ArchivosDeProgramas\Programas\Python310\;C:\Program Files\Common Files\Oracle\Java\javapath;C:\Windows\system32;C:\Windows;C:\Windows\System32\Wbem;C:\Windows\System32\WindowsPowerShell\v1.0\;C:\Windows\System32\OpenSSH\;C:\Program Files\NVIDIA Corporation\NVIDIA NvDLISR;C:\Program Files (x86)\NVIDIA Corporation\PhysX\Common;C:\Program Files\dotnet\;C:\Program Files\Git\cmd;D:\ArchivosDeProgramas\Programas\FPascal\bin\i386-Win32;C:\Users\Ismael\AppData\Local\Microsoft\WindowsApps;C:\Users\Ismael\AppData\Local\GitHubDesktop\bin;D:\ArchivosDeProgramas\Programas\Microsoft VS Code\bin;."/>
    <property name="java.vm.info" value="mixed mode, sharing"/>
    <property name="java.vendor" value="Oracle Corporation"/>
    <property name="java.vm.version" value="17.0.1+12-39"/>
    <property name="sun.io.unicode.encoding" value="UnicodeLittle"/>
    <property name="java.class.version" value="61.0"/>
  </properties>
  <testcase name="testProcesadores" classname="org.barrientos.junit5app.ejemplos.models.CuentaTest$VariableAmbienteTest" time="0.001">
    <system-out><![CDATA[Iniciando el metodo.
Finalizando el metodo de prueba.
]]></system-out>
  </testcase>
  <testcase name="testEnv" classname="org.barrientos.junit5app.ejemplos.models.CuentaTest$VariableAmbienteTest" time="0">
    <skipped message="Environment variable [ENVIRONMENT] does not exist"/>
  </testcase>
  <testcase name="testEnvProdDisabled" classname="org.barrientos.junit5app.ejemplos.models.CuentaTest$VariableAmbienteTest" time="0.005">
    <system-out><![CDATA[Iniciando el metodo.
Finalizando el metodo de prueba.
]]></system-out>
  </testcase>
  <testcase name="tesJavaHome" classname="org.barrientos.junit5app.ejemplos.models.CuentaTest$VariableAmbienteTest" time="0">
    <skipped message="Environment variable [JAVA_HOME] does not exist"/>
  </testcase>
  <testcase name="imprimirVariablesAmbiente" classname="org.barrientos.junit5app.ejemplos.models.CuentaTest$VariableAmbienteTest" time="0.012">
    <system-out><![CDATA[Iniciando el metodo.
PATH: D:\ArchivosDeProgramas\Programas\Python310\Scripts\;D:\ArchivosDeProgramas\Programas\Python310\;C:\Program Files\Common Files\Oracle\Java\javapath;C:\Windows\system32;C:\Windows;C:\Windows\System32\Wbem;C:\Windows\System32\WindowsPowerShell\v1.0\;C:\Windows\System32\OpenSSH\;C:\Program Files\NVIDIA Corporation\NVIDIA NvDLISR;C:\Program Files (x86)\NVIDIA Corporation\PhysX\Common;C:\Program Files\dotnet\;C:\Program Files\Git\cmd;D:\ArchivosDeProgramas\Programas\FPascal\bin\i386-Win32;C:\Users\Ismael\AppData\Local\Microsoft\WindowsApps;C:\Users\Ismael\AppData\Local\GitHubDesktop\bin;D:\ArchivosDeProgramas\Programas\Microsoft VS Code\bin
USERDOMAIN_ROAMINGPROFILE: DESKTOP-0M788GE
LOCALAPPDATA: C:\Users\Ismael\AppData\Local
PROCESSOR_LEVEL: 6
SYSTEMDRIVE: C:
COMMONPROGRAMFILES(X86): C:\Program Files (x86)\Common Files
USERDOMAIN: DESKTOP-0M788GE
FPS_BROWSER_APP_PROFILE_STRING: Internet Explorer
LOGONSERVER: \\DESKTOP-0M788GE
PROMPT: $P$G
SESSIONNAME: Console
ALLUSERSPROFILE: C:\ProgramData
PROGRAMFILES(X86): C:\Program Files (x86)
ASL.LOG: Destination=file
PROCESSOR_ARCHITECTURE: AMD64
DRIVERDATA: C:\Windows\System32\Drivers\DriverData
PROGRAMFILES: C:\Program Files
APPDATA: C:\Users\Ismael\AppData\Roaming
PSMODULEPATH: C:\Program Files\WindowsPowerShell\Modules;C:\Windows\system32\WindowsPowerShell\v1.0\Modules
PROGRAMW6432: C:\Program Files
PROGRAMDATA: C:\ProgramData
SYSTEMROOT: C:\Windows
USERNAME: Ismael
FPS_BROWSER_USER_PROFILE_STRING: Default
ONEDRIVE: C:\Users\Ismael\OneDrive
PATHEXT: .COM;.EXE;.BAT;.CMD;.VBS;.VBE;.JS;.JSE;.WSF;.WSH;.MSC;.PY;.PYW
OS: Windows_NT
COMMONPROGRAMW6432: C:\Program Files\Common Files
COMPUTERNAME: DESKTOP-0M788GE
COMMONPROGRAMFILES: C:\Program Files\Common Files
COMSPEC: C:\Windows\system32\cmd.exe
PROCESSOR_REVISION: 3c03
WINDIR: C:\Windows
=D:: D:\ArchivosDeProgramas\INFORMATICA\Java\IdeaProjects\junit5_app
HOMEPATH: \Users\Ismael
TEMP: C:\Users\Ismael\AppData\Local\Temp
HOMEDRIVE: C:
PROCESSOR_IDENTIFIER: Intel64 Family 6 Model 60 Stepping 3, GenuineIntel
USERPROFILE: C:\Users\Ismael
TMP: C:\Users\Ismael\AppData\Local\Temp
PUBLIC: C:\Users\Public
NUMBER_OF_PROCESSORS: 4
=::: ::\
IDEA_INITIAL_DIRECTORY: D:\ArchivosDeProgramas\Programas\IntelliJ IDEA Community Edition 2021.2.2\bin
Finalizando el metodo de prueba.
]]></system-out>
  </testcase>
</testsuite>